Started GET "/" for ::1 at 2020-03-11 16:22:19 -0500
  [1m[35m (5.0ms)[0m  [1m[34mSELECT sqlite_version(*)[0m
Processing by Rails::WelcomeController#index as HTML
  Rendering C:/Ruby26-x64/lib/ruby/gems/2.6.0/gems/railties-6.0.2.1/lib/rails/templates/rails/welcome/index.html.erb
  Rendered C:/Ruby26-x64/lib/ruby/gems/2.6.0/gems/railties-6.0.2.1/lib/rails/templates/rails/welcome/index.html.erb (Duration: 10.5ms | Allocations: 416)
Completed 200 OK in 35ms (Views: 20.5ms | ActiveRecord: 0.0ms | Allocations: 2375)


Started GET "/asistencias" for 127.0.0.1 at 2020-03-11 16:24:41 -0500
  [1m[35m (7.5ms)[0m  [1m[34mSELECT sqlite_version(*)[0m
  
ActiveRecord::PendingMigrationError (

Migrations are pending. To resolve this issue, run:

        rails db:migrate RAILS_ENV=development

):
  
activerecord (6.0.2.1) lib/active_record/migration.rb:587:in `check_pending!'
activerecord (6.0.2.1) lib/active_record/migration.rb:564:in `call'
actionpack (6.0.2.1) lib/action_dispatch/middleware/callbacks.rb:27:in `block in call'
activesupport (6.0.2.1) lib/active_support/callbacks.rb:101:in `run_callbacks'
actionpack (6.0.2.1) lib/action_dispatch/middleware/callbacks.rb:26:in `call'
actionpack (6.0.2.1) lib/action_dispatch/middleware/executor.rb:14:in `call'
actionpack (6.0.2.1) lib/action_dispatch/middleware/actionable_exceptions.rb:17:in `call'
actionpack (6.0.2.1) lib/action_dispatch/middleware/debug_exceptions.rb:32:in `call'
web-console (4.0.1) lib/web_console/middleware.rb:132:in `call_app'
web-console (4.0.1) lib/web_console/middleware.rb:28:in `block in call'
web-console (4.0.1) lib/web_console/middleware.rb:17:in `catch'
web-console (4.0.1) lib/web_console/middleware.rb:17:in `call'
actionpack (6.0.2.1) lib/action_dispatch/middleware/show_exceptions.rb:33:in `call'
railties (6.0.2.1) lib/rails/rack/logger.rb:38:in `call_app'
railties (6.0.2.1) lib/rails/rack/logger.rb:26:in `block in call'
activesupport (6.0.2.1) lib/active_support/tagged_logging.rb:80:in `block in tagged'
activesupport (6.0.2.1) lib/active_support/tagged_logging.rb:28:in `tagged'
activesupport (6.0.2.1) lib/active_support/tagged_logging.rb:80:in `tagged'
railties (6.0.2.1) lib/rails/rack/logger.rb:26:in `call'
sprockets-rails (3.2.1) lib/sprockets/rails/quiet_assets.rb:13:in `call'
actionpack (6.0.2.1) lib/action_dispatch/middleware/remote_ip.rb:81:in `call'
actionpack (6.0.2.1) lib/action_dispatch/middleware/request_id.rb:27:in `call'
rack (2.2.2) lib/rack/method_override.rb:24:in `call'
rack (2.2.2) lib/rack/runtime.rb:22:in `call'
activesupport (6.0.2.1) lib/active_support/cache/strategy/local_cache_middleware.rb:29:in `call'
actionpack (6.0.2.1) lib/action_dispatch/middleware/executor.rb:14:in `call'
actionpack (6.0.2.1) lib/action_dispatch/middleware/static.rb:126:in `call'
rack (2.2.2) lib/rack/sendfile.rb:110:in `call'
actionpack (6.0.2.1) lib/action_dispatch/middleware/host_authorization.rb:83:in `call'
webpacker (4.2.2) lib/webpacker/dev_server_proxy.rb:23:in `perform_request'
rack-proxy (0.6.5) lib/rack/proxy.rb:57:in `call'
railties (6.0.2.1) lib/rails/engine.rb:526:in `call'
puma (4.3.3) lib/puma/configuration.rb:228:in `call'
puma (4.3.3) lib/puma/server.rb:682:in `handle_request'
puma (4.3.3) lib/puma/server.rb:472:in `process_client'
puma (4.3.3) lib/puma/server.rb:328:in `block in run'
puma (4.3.3) lib/puma/thread_pool.rb:134:in `block in spawn_thread'
  [1m[35m (7.3ms)[0m  [1m[34mSELECT sqlite_version(*)[0m
  [1m[35m (313.6ms)[0m  [1m[35mCREATE TABLE "schema_migrations" ("version" varchar NOT NULL PRIMARY KEY)[0m
  [1m[35m (82.5ms)[0m  [1m[35mCREATE TABLE "ar_internal_metadata" ("key" varchar NOT NULL PRIMARY KEY, "value" varchar, "created_at" datetime(6) NOT NULL, "updated_at" datetime(6) NOT NULL)[0m
  [1m[35m (0.6ms)[0m  [1m[34mSELECT "schema_migrations"."version" FROM "schema_migrations" ORDER BY "schema_migrations"."version" ASC[0m
Migrating to CreateAsistencia (20200311212410)
  [1m[35m (0.2ms)[0m  [1m[36mbegin transaction[0m
  [1m[35m (2.6ms)[0m  [1m[35mCREATE TABLE "asistencia" ("id" integer PRIMARY KEY AUTOINCREMENT NOT NULL, "nombre" varchar, "cedula" float, "comentario" text, "asistencia" boolean, "created_at" datetime(6) NOT NULL, "updated_at" datetime(6) NOT NULL)[0m
  [1m[36mprimary::SchemaMigration Create (0.5ms)[0m  [1m[32mINSERT INTO "schema_migrations" ("version") VALUES (?)[0m  [["version", "20200311212410"]]
  [1m[35m (83.0ms)[0m  [1m[36mcommit transaction[0m
  [1m[36mActiveRecord::InternalMetadata Load (1.0ms)[0m  [1m[34mSELECT "ar_internal_metadata".* FROM "ar_internal_metadata" WHERE "ar_internal_metadata"."key" = ? LIMIT ?[0m  [["key", "environment"], ["LIMIT", 1]]
  [1m[35m (0.2ms)[0m  [1m[36mbegin transaction[0m
  [1m[36mActiveRecord::InternalMetadata Create (2.5ms)[0m  [1m[32mINSERT INTO "ar_internal_metadata" ("key", "value", "created_at", "updated_at") VALUES (?, ?, ?, ?)[0m  [["key", "environment"], ["value", "development"], ["created_at", "2020-03-11 21:25:32.595224"], ["updated_at", "2020-03-11 21:25:32.595224"]]
  [1m[35m (100.4ms)[0m  [1m[36mcommit transaction[0m
  [1m[35m (0.2ms)[0m  [1m[34mSELECT sqlite_version(*)[0m
  [1m[35m (0.7ms)[0m  [1m[34mSELECT "schema_migrations"."version" FROM "schema_migrations" ORDER BY "schema_migrations"."version" ASC[0m
Started GET "/asistencias" for ::1 at 2020-03-11 16:25:55 -0500
Started GET "/asistencias" for ::1 at 2020-03-11 16:25:55 -0500
  [1m[35m (7.8ms)[0m  [1m[34mSELECT sqlite_version(*)[0m
  [1m[35m (4.1ms)[0m  [1m[34mSELECT sqlite_version(*)[0m
  [1m[35m (0.3ms)[0m  [1m[34mSELECT "schema_migrations"."version" FROM "schema_migrations" ORDER BY "schema_migrations"."version" ASC[0m
  [1m[35m (0.2ms)[0m  [1m[34mSELECT "schema_migrations"."version" FROM "schema_migrations" ORDER BY "schema_migrations"."version" ASC[0m
  
ActionController::RoutingError (No route matches [GET] "/asistencias"):
  
actionpack (6.0.2.1) lib/action_dispatch/middleware/debug_exceptions.rb:36:in `call'
web-console (4.0.1) lib/web_console/middleware.rb:132:in `call_app'
web-console (4.0.1) lib/web_console/middleware.rb:28:in `block in call'
web-console (4.0.1) lib/web_console/middleware.rb:17:in `catch'
web-console (4.0.1) lib/web_console/middleware.rb:17:in `call'
actionpack (6.0.2.1) lib/action_dispatch/middleware/show_exceptions.rb:33:in `call'
railties (6.0.2.1) lib/rails/rack/logger.rb:38:in `call_app'
railties (6.0.2.1) lib/rails/rack/logger.rb:26:in `block in call'
activesupport (6.0.2.1) lib/active_support/tagged_logging.rb:80:in `block in tagged'
activesupport (6.0.2.1) lib/active_support/tagged_logging.rb:28:in `tagged'
activesupport (6.0.2.1) lib/active_support/tagged_logging.rb:80:in `tagged'
railties (6.0.2.1) lib/rails/rack/logger.rb:26:in `call'
sprockets-rails (3.2.1) lib/sprockets/rails/quiet_assets.rb:13:in `call'
actionpack (6.0.2.1) lib/action_dispatch/middleware/remote_ip.rb:81:in `call'
actionpack (6.0.2.1) lib/action_dispatch/middleware/request_id.rb:27:in `call'
rack (2.2.2) lib/rack/method_override.rb:24:in `call'
rack (2.2.2) lib/rack/runtime.rb:22:in `call'
activesupport (6.0.2.1) lib/active_support/cache/strategy/local_cache_middleware.rb:29:in `call'
actionpack (6.0.2.1) lib/action_dispatch/middleware/executor.rb:14:in `call'
actionpack (6.0.2.1) lib/action_dispatch/middleware/static.rb:126:in `call'
rack (2.2.2) lib/rack/sendfile.rb:110:in `call'
actionpack (6.0.2.1) lib/action_dispatch/middleware/host_authorization.rb:83:in `call'
webpacker (4.2.2) lib/webpacker/dev_server_proxy.rb:23:in `perform_request'
rack-proxy (0.6.5) lib/rack/proxy.rb:57:in `call'
railties (6.0.2.1) lib/rails/engine.rb:526:in `call'
puma (4.3.3) lib/puma/configuration.rb:228:in `call'
puma (4.3.3) lib/puma/server.rb:682:in `handle_request'
puma (4.3.3) lib/puma/server.rb:472:in `process_client'
puma (4.3.3) lib/puma/server.rb:328:in `block in run'
puma (4.3.3) lib/puma/thread_pool.rb:134:in `block in spawn_thread'
  
ActionController::RoutingError (No route matches [GET] "/asistencias"):
  
actionpack (6.0.2.1) lib/action_dispatch/middleware/debug_exceptions.rb:36:in `call'
web-console (4.0.1) lib/web_console/middleware.rb:132:in `call_app'
web-console (4.0.1) lib/web_console/middleware.rb:28:in `block in call'
web-console (4.0.1) lib/web_console/middleware.rb:17:in `catch'
web-console (4.0.1) lib/web_console/middleware.rb:17:in `call'
actionpack (6.0.2.1) lib/action_dispatch/middleware/show_exceptions.rb:33:in `call'
railties (6.0.2.1) lib/rails/rack/logger.rb:38:in `call_app'
railties (6.0.2.1) lib/rails/rack/logger.rb:26:in `block in call'
activesupport (6.0.2.1) lib/active_support/tagged_logging.rb:80:in `block in tagged'
activesupport (6.0.2.1) lib/active_support/tagged_logging.rb:28:in `tagged'
activesupport (6.0.2.1) lib/active_support/tagged_logging.rb:80:in `tagged'
railties (6.0.2.1) lib/rails/rack/logger.rb:26:in `call'
sprockets-rails (3.2.1) lib/sprockets/rails/quiet_assets.rb:13:in `call'
actionpack (6.0.2.1) lib/action_dispatch/middleware/remote_ip.rb:81:in `call'
actionpack (6.0.2.1) lib/action_dispatch/middleware/request_id.rb:27:in `call'
rack (2.2.2) lib/rack/method_override.rb:24:in `call'
rack (2.2.2) lib/rack/runtime.rb:22:in `call'
activesupport (6.0.2.1) lib/active_support/cache/strategy/local_cache_middleware.rb:29:in `call'
actionpack (6.0.2.1) lib/action_dispatch/middleware/executor.rb:14:in `call'
actionpack (6.0.2.1) lib/action_dispatch/middleware/static.rb:126:in `call'
rack (2.2.2) lib/rack/sendfile.rb:110:in `call'
actionpack (6.0.2.1) lib/action_dispatch/middleware/host_authorization.rb:83:in `call'
webpacker (4.2.2) lib/webpacker/dev_server_proxy.rb:23:in `perform_request'
rack-proxy (0.6.5) lib/rack/proxy.rb:57:in `call'
railties (6.0.2.1) lib/rails/engine.rb:526:in `call'
puma (4.3.3) lib/puma/configuration.rb:228:in `call'
puma (4.3.3) lib/puma/server.rb:682:in `handle_request'
puma (4.3.3) lib/puma/server.rb:472:in `process_client'
puma (4.3.3) lib/puma/server.rb:328:in `block in run'
puma (4.3.3) lib/puma/thread_pool.rb:134:in `block in spawn_thread'
Started GET "/asistencia" for ::1 at 2020-03-11 16:26:46 -0500
Processing by AsistenciaController#index as HTML
  Rendering asistencia/index.html.erb within layouts/application
  [1m[36mAsistencium Load (0.4ms)[0m  [1m[34mSELECT "asistencia".* FROM "asistencia"[0m
  ↳ app/views/asistencia/index.html.erb:17
  Rendered asistencia/index.html.erb within layouts/application (Duration: 5.2ms | Allocations: 1581)
[Webpacker] Compiling...
[Webpacker] Compiled all packs in C:/fiesta/public/packs
[Webpacker] Hash: 32e57f147dbdcbbf0c82
Version: webpack 4.42.0
Time: 4296ms
Built at: 2020-03-11 16:26:56
                                     Asset       Size       Chunks                         Chunk Names
    js/application-bbe9c4a129ab949e0636.js    124 KiB  application  [emitted] [immutable]  application
js/application-bbe9c4a129ab949e0636.js.map    139 KiB  application  [emitted] [dev]        application
                             manifest.json  364 bytes               [emitted]              
Entrypoint application = js/application-bbe9c4a129ab949e0636.js js/application-bbe9c4a129ab949e0636.js.map
[./app/javascript/channels sync recursive _channel\.js$] ./app/javascript/channels sync _channel\.js$ 160 bytes {application} [built]
[./app/javascript/channels/index.js] 211 bytes {application} [built]
[./app/javascript/packs/application.js] 749 bytes {application} [built]
[./node_modules/webpack/buildin/module.js] (webpack)/buildin/module.js 552 bytes {application} [built]
    + 3 hidden modules

Completed 200 OK in 10125ms (Views: 10118.9ms | ActiveRecord: 1.0ms | Allocations: 24860)


Started GET "/asistencia/new" for ::1 at 2020-03-11 16:27:32 -0500
Processing by AsistenciaController#new as HTML
  Rendering asistencia/new.html.erb within layouts/application
  Rendered asistencia/_form.html.erb (Duration: 69.3ms | Allocations: 5456)
  Rendered asistencia/new.html.erb within layouts/application (Duration: 73.1ms | Allocations: 5806)
[Webpacker] Everything's up-to-date. Nothing to do
Completed 200 OK in 137ms (Views: 121.7ms | ActiveRecord: 1.6ms | Allocations: 14568)


Started POST "/asistencia" for ::1 at 2020-03-11 16:27:51 -0500
Processing by AsistenciaController#create as HTML
  Parameters: {"authenticity_token"=>"ojEHbLdq9TFwJKZBPPercxgO746xn86WVByvoj6pf1JA2xx1MDTpX+5ZqGlF1erCe8Nhww1vhAbpJQmZSKgwXQ==", "asistencium"=>{"nombre"=>"roy", "cedula"=>"10235", "comentario"=>"putoelquelolea", "asistencia"=>"1"}, "commit"=>"Create Asistencium"}
  [1m[35m (0.2ms)[0m  [1m[36mbegin transaction[0m
  ↳ app/controllers/asistencia_controller.rb:30:in `block in create'
  [1m[36mAsistencium Create (16.3ms)[0m  [1m[32mINSERT INTO "asistencia" ("nombre", "cedula", "comentario", "asistencia", "created_at", "updated_at") VALUES (?, ?, ?, ?, ?, ?)[0m  [["nombre", "roy"], ["cedula", 10235.0], ["comentario", "putoelquelolea"], ["asistencia", 1], ["created_at", "2020-03-11 21:27:51.961182"], ["updated_at", "2020-03-11 21:27:51.961182"]]
  ↳ app/controllers/asistencia_controller.rb:30:in `block in create'
  [1m[35m (162.1ms)[0m  [1m[36mcommit transaction[0m
  ↳ app/controllers/asistencia_controller.rb:30:in `block in create'
Redirected to http://localhost:3000/asistencia/1
Completed 302 Found in 205ms (ActiveRecord: 178.5ms | Allocations: 2938)


Started GET "/asistencia/1" for ::1 at 2020-03-11 16:27:52 -0500
Processing by AsistenciaController#show as HTML
  Parameters: {"id"=>"1"}
  [1m[36mAsistencium Load (0.5ms)[0m  [1m[34mSELECT "asistencia".* FROM "asistencia" WHERE "asistencia"."id" = ? LIMIT ?[0m  [["id", 1], ["LIMIT", 1]]
  ↳ app/controllers/asistencia_controller.rb:67:in `set_asistencium'
  Rendering asistencia/show.html.erb within layouts/application
  Rendered asistencia/show.html.erb within layouts/application (Duration: 1.5ms | Allocations: 312)
[Webpacker] Everything's up-to-date. Nothing to do
Completed 200 OK in 67ms (Views: 51.4ms | ActiveRecord: 0.5ms | Allocations: 5977)


Started GET "/asistencia" for ::1 at 2020-03-11 16:27:55 -0500
Processing by AsistenciaController#index as HTML
  Rendering asistencia/index.html.erb within layouts/application
  [1m[36mAsistencium Load (0.5ms)[0m  [1m[34mSELECT "asistencia".* FROM "asistencia"[0m
  ↳ app/views/asistencia/index.html.erb:17
  Rendered asistencia/index.html.erb within layouts/application (Duration: 4.5ms | Allocations: 756)
[Webpacker] Everything's up-to-date. Nothing to do
Completed 200 OK in 51ms (Views: 49.5ms | ActiveRecord: 0.5ms | Allocations: 5100)


Started GET "/asistencia/new" for ::1 at 2020-03-11 16:28:00 -0500
Processing by AsistenciaController#new as HTML
  Rendering asistencia/new.html.erb within layouts/application
  Rendered asistencia/_form.html.erb (Duration: 3.3ms | Allocations: 1111)
  Rendered asistencia/new.html.erb within layouts/application (Duration: 4.2ms | Allocations: 1203)
[Webpacker] Everything's up-to-date. Nothing to do
Completed 200 OK in 54ms (Views: 53.1ms | ActiveRecord: 0.0ms | Allocations: 5546)


Started GET "/asistencia" for ::1 at 2020-03-11 16:29:20 -0500
Processing by AsistenciaController#index as HTML
  Rendering asistencia/index.html.erb within layouts/application
  [1m[36mAsistencium Load (0.5ms)[0m  [1m[34mSELECT "asistencia".* FROM "asistencia"[0m
  ↳ app/views/asistencia/index.html.erb:17
  Rendered asistencia/index.html.erb within layouts/application (Duration: 4.3ms | Allocations: 751)
[Webpacker] Everything's up-to-date. Nothing to do
Completed 200 OK in 53ms (Views: 51.3ms | ActiveRecord: 0.5ms | Allocations: 5082)


Started DELETE "/asistencia/1" for ::1 at 2020-03-11 16:29:23 -0500
Processing by AsistenciaController#destroy as HTML
  Parameters: {"authenticity_token"=>"d1CUzgIUuuihsBebVmV2HBafv2gduepkEtFmalL4sUxpPbgLzyTZ1ZLYh9Q66/QhCUtXHIw79U/XPvmNbMkBEw==", "id"=>"1"}
  [1m[36mAsistencium Load (0.5ms)[0m  [1m[34mSELECT "asistencia".* FROM "asistencia" WHERE "asistencia"."id" = ? LIMIT ?[0m  [["id", 1], ["LIMIT", 1]]
  ↳ app/controllers/asistencia_controller.rb:67:in `set_asistencium'
  [1m[35m (0.1ms)[0m  [1m[36mbegin transaction[0m
  ↳ app/controllers/asistencia_controller.rb:57:in `destroy'
  [1m[36mAsistencium Destroy (1.5ms)[0m  [1m[31mDELETE FROM "asistencia" WHERE "asistencia"."id" = ?[0m  [["id", 1]]
  ↳ app/controllers/asistencia_controller.rb:57:in `destroy'
  [1m[35m (80.0ms)[0m  [1m[36mcommit transaction[0m
  ↳ app/controllers/asistencia_controller.rb:57:in `destroy'
Redirected to http://localhost:3000/asistencia
Completed 302 Found in 102ms (ActiveRecord: 82.1ms | Allocations: 2672)


Started GET "/asistencia" for ::1 at 2020-03-11 16:29:23 -0500
Processing by AsistenciaController#index as HTML
  Rendering asistencia/index.html.erb within layouts/application
  [1m[36mAsistencium Load (0.4ms)[0m  [1m[34mSELECT "asistencia".* FROM "asistencia"[0m
  ↳ app/views/asistencia/index.html.erb:17
  Rendered asistencia/index.html.erb within layouts/application (Duration: 4.0ms | Allocations: 619)
[Webpacker] Everything's up-to-date. Nothing to do
Completed 200 OK in 66ms (Views: 64.6ms | ActiveRecord: 0.4ms | Allocations: 4975)


Started GET "/asistencia/new" for ::1 at 2020-03-11 16:30:03 -0500
Processing by AsistenciaController#new as HTML
  Rendering asistencia/new.html.erb within layouts/application
  Rendered asistencia/_form.html.erb (Duration: 3.4ms | Allocations: 1109)
  Rendered asistencia/new.html.erb within layouts/application (Duration: 4.3ms | Allocations: 1201)
[Webpacker] Everything's up-to-date. Nothing to do
Completed 200 OK in 55ms (Views: 53.4ms | ActiveRecord: 0.0ms | Allocations: 5546)


Started POST "/asistencia" for ::1 at 2020-03-11 16:30:22 -0500
Processing by AsistenciaController#create as HTML
  Parameters: {"authenticity_token"=>"fR2XSCfXGdLsszxWkjAMKWMO7z63fSrlYjUJGDkiDD6f94xRoIkFvHLOMn7rEk2YAMNhcwuNYHXfDK8jTyNDMQ==", "asistencium"=>{"nombre"=>"roy", "cedula"=>"21351", "comentario"=>"llegue jhhj", "asistencia"=>"1"}, "commit"=>"Create Asistencium"}
  [1m[35m (0.1ms)[0m  [1m[36mbegin transaction[0m
  ↳ app/controllers/asistencia_controller.rb:30:in `block in create'
  [1m[36mAsistencium Create (22.0ms)[0m  [1m[32mINSERT INTO "asistencia" ("nombre", "cedula", "comentario", "asistencia", "created_at", "updated_at") VALUES (?, ?, ?, ?, ?, ?)[0m  [["nombre", "roy"], ["cedula", 21351.0], ["comentario", "llegue jhhj"], ["asistencia", 1], ["created_at", "2020-03-11 21:30:22.913900"], ["updated_at", "2020-03-11 21:30:22.913900"]]
  ↳ app/controllers/asistencia_controller.rb:30:in `block in create'
  [1m[35m (138.8ms)[0m  [1m[36mcommit transaction[0m
  ↳ app/controllers/asistencia_controller.rb:30:in `block in create'
Redirected to http://localhost:3000/asistencia/2
Completed 302 Found in 178ms (ActiveRecord: 160.9ms | Allocations: 2664)


Started GET "/asistencia/2" for ::1 at 2020-03-11 16:30:23 -0500
Processing by AsistenciaController#show as HTML
  Parameters: {"id"=>"2"}
  [1m[36mAsistencium Load (0.6ms)[0m  [1m[34mSELECT "asistencia".* FROM "asistencia" WHERE "asistencia"."id" = ? LIMIT ?[0m  [["id", 2], ["LIMIT", 1]]
  ↳ app/controllers/asistencia_controller.rb:67:in `set_asistencium'
  Rendering asistencia/show.html.erb within layouts/application
  Rendered asistencia/show.html.erb within layouts/application (Duration: 0.5ms | Allocations: 90)
[Webpacker] Everything's up-to-date. Nothing to do
Completed 200 OK in 60ms (Views: 55.1ms | ActiveRecord: 0.6ms | Allocations: 4970)


Started GET "/asistencia" for ::1 at 2020-03-11 16:30:27 -0500
Processing by AsistenciaController#index as HTML
  Rendering asistencia/index.html.erb within layouts/application
  [1m[36mAsistencium Load (0.4ms)[0m  [1m[34mSELECT "asistencia".* FROM "asistencia"[0m
  ↳ app/views/asistencia/index.html.erb:17
  Rendered asistencia/index.html.erb within layouts/application (Duration: 4.2ms | Allocations: 751)
[Webpacker] Everything's up-to-date. Nothing to do
Completed 200 OK in 52ms (Views: 50.2ms | ActiveRecord: 0.4ms | Allocations: 5090)


Started GET "/asistencia/new" for ::1 at 2020-03-11 17:09:03 -0500
  [1m[35m (0.1ms)[0m  [1m[34mSELECT sqlite_version(*)[0m
Processing by AsistenciaController#new as HTML
  Rendering asistencia/new.html.erb within layouts/application
  Rendered asistencia/_form.html.erb (Duration: 1.6ms | Allocations: 1109)
  Rendered asistencia/new.html.erb within layouts/application (Duration: 2.0ms | Allocations: 1201)
[Webpacker] Everything's up-to-date. Nothing to do
Completed 200 OK in 37ms (Views: 35.8ms | ActiveRecord: 0.0ms | Allocations: 5538)


Started POST "/asistencia" for ::1 at 2020-03-11 17:09:27 -0500
Processing by AsistenciaController#create as HTML
  Parameters: {"authenticity_token"=>"hayPvHdkqO0meiDqnXTBkT/Cruf0W3cwpUsKAat7DplnRpSl8Dq0g7gHLsLkVoAgXA8gqkirPaAYcqw63XpBlg==", "asistencium"=>{"nombre"=>"Margoth ", "cedula"=>"1001409168", "comentario"=>"Boleta VIP", "asistencia"=>"1"}, "commit"=>"Create Asistencium"}
  [1m[35m (0.1ms)[0m  [1m[36mbegin transaction[0m
  ↳ app/controllers/asistencia_controller.rb:30:in `block in create'
  [1m[36mAsistencium Create (17.1ms)[0m  [1m[32mINSERT INTO "asistencia" ("nombre", "cedula", "comentario", "asistencia", "created_at", "updated_at") VALUES (?, ?, ?, ?, ?, ?)[0m  [["nombre", "Margoth "], ["cedula", 1001409168.0], ["comentario", "Boleta VIP"], ["asistencia", 1], ["created_at", "2020-03-11 22:09:27.726748"], ["updated_at", "2020-03-11 22:09:27.726748"]]
  ↳ app/controllers/asistencia_controller.rb:30:in `block in create'
  [1m[35m (96.4ms)[0m  [1m[36mcommit transaction[0m
  ↳ app/controllers/asistencia_controller.rb:30:in `block in create'
Redirected to http://localhost:3000/asistencia/3
Completed 302 Found in 123ms (ActiveRecord: 113.6ms | Allocations: 2667)


Started GET "/asistencia/3" for ::1 at 2020-03-11 17:09:27 -0500
Processing by AsistenciaController#show as HTML
  Parameters: {"id"=>"3"}
  [1m[36mAsistencium Load (0.3ms)[0m  [1m[34mSELECT "asistencia".* FROM "asistencia" WHERE "asistencia"."id" = ? LIMIT ?[0m  [["id", 3], ["LIMIT", 1]]
  ↳ app/controllers/asistencia_controller.rb:67:in `set_asistencium'
  Rendering asistencia/show.html.erb within layouts/application
  Rendered asistencia/show.html.erb within layouts/application (Duration: 0.2ms | Allocations: 90)
[Webpacker] Everything's up-to-date. Nothing to do
Completed 200 OK in 37ms (Views: 32.6ms | ActiveRecord: 0.3ms | Allocations: 4972)


Started GET "/asistencia" for ::1 at 2020-03-11 17:09:29 -0500
Processing by AsistenciaController#index as HTML
  Rendering asistencia/index.html.erb within layouts/application
  [1m[36mAsistencium Load (0.3ms)[0m  [1m[34mSELECT "asistencia".* FROM "asistencia"[0m
  ↳ app/views/asistencia/index.html.erb:17
  Rendered asistencia/index.html.erb within layouts/application (Duration: 2.1ms | Allocations: 905)
[Webpacker] Everything's up-to-date. Nothing to do
Completed 200 OK in 38ms (Views: 36.8ms | ActiveRecord: 0.3ms | Allocations: 5228)


Started GET "/asistencia/2/edit" for ::1 at 2020-03-11 17:09:34 -0500
Processing by AsistenciaController#edit as HTML
  Parameters: {"id"=>"2"}
  [1m[36mAsistencium Load (0.2ms)[0m  [1m[34mSELECT "asistencia".* FROM "asistencia" WHERE "asistencia"."id" = ? LIMIT ?[0m  [["id", 2], ["LIMIT", 1]]
  ↳ app/controllers/asistencia_controller.rb:67:in `set_asistencium'
  Rendering asistencia/edit.html.erb within layouts/application
  Rendered asistencia/_form.html.erb (Duration: 1.5ms | Allocations: 1188)
  Rendered asistencia/edit.html.erb within layouts/application (Duration: 2.5ms | Allocations: 1448)
[Webpacker] Everything's up-to-date. Nothing to do
Completed 200 OK in 40ms (Views: 35.4ms | ActiveRecord: 0.2ms | Allocations: 6456)


Started PATCH "/asistencia/2" for ::1 at 2020-03-11 17:09:47 -0500
Processing by AsistenciaController#update as HTML
  Parameters: {"authenticity_token"=>"e2LfljIIeBHO9FslYabE0HHAhQ/SugGMryLyNjUx0hEx9KyXdj0Mnf7kUECoJWrlDv4MXNxoapZNSmOcM4HRWA==", "asistencium"=>{"nombre"=>"roy", "cedula"=>"213521561.0", "comentario"=>"Boleta general", "asistencia"=>"1"}, "commit"=>"Update Asistencium", "id"=>"2"}
  [1m[36mAsistencium Load (0.3ms)[0m  [1m[34mSELECT "asistencia".* FROM "asistencia" WHERE "asistencia"."id" = ? LIMIT ?[0m  [["id", 2], ["LIMIT", 1]]
  ↳ app/controllers/asistencia_controller.rb:67:in `set_asistencium'
  [1m[35m (0.0ms)[0m  [1m[36mbegin transaction[0m
  ↳ app/controllers/asistencia_controller.rb:44:in `block in update'
  [1m[36mAsistencium Update (7.7ms)[0m  [1m[33mUPDATE "asistencia" SET "cedula" = ?, "comentario" = ?, "updated_at" = ? WHERE "asistencia"."id" = ?[0m  [["cedula", 213521561.0], ["comentario", "Boleta general"], ["updated_at", "2020-03-11 22:09:47.584457"], ["id", 2]]
  ↳ app/controllers/asistencia_controller.rb:44:in `block in update'
  [1m[35m (96.6ms)[0m  [1m[36mcommit transaction[0m
  ↳ app/controllers/asistencia_controller.rb:44:in `block in update'
Redirected to http://localhost:3000/asistencia/2
Completed 302 Found in 116ms (ActiveRecord: 104.7ms | Allocations: 3334)


Started GET "/asistencia/2" for ::1 at 2020-03-11 17:09:47 -0500
Processing by AsistenciaController#show as HTML
  Parameters: {"id"=>"2"}
  [1m[36mAsistencium Load (0.3ms)[0m  [1m[34mSELECT "asistencia".* FROM "asistencia" WHERE "asistencia"."id" = ? LIMIT ?[0m  [["id", 2], ["LIMIT", 1]]
  ↳ app/controllers/asistencia_controller.rb:67:in `set_asistencium'
  Rendering asistencia/show.html.erb within layouts/application
  Rendered asistencia/show.html.erb within layouts/application (Duration: 0.3ms | Allocations: 92)
[Webpacker] Everything's up-to-date. Nothing to do
Completed 200 OK in 36ms (Views: 33.1ms | ActiveRecord: 0.3ms | Allocations: 4954)


Started GET "/asistencia" for ::1 at 2020-03-11 17:09:49 -0500
Processing by AsistenciaController#index as HTML
  Rendering asistencia/index.html.erb within layouts/application
  [1m[36mAsistencium Load (0.2ms)[0m  [1m[34mSELECT "asistencia".* FROM "asistencia"[0m
  ↳ app/views/asistencia/index.html.erb:17
  Rendered asistencia/index.html.erb within layouts/application (Duration: 3.3ms | Allocations: 886)
[Webpacker] Everything's up-to-date. Nothing to do
Completed 200 OK in 36ms (Views: 34.9ms | ActiveRecord: 0.2ms | Allocations: 5216)


Started GET "/asistencia/new" for ::1 at 2020-03-11 17:09:57 -0500
Processing by AsistenciaController#new as HTML
  Rendering asistencia/new.html.erb within layouts/application
  Rendered asistencia/_form.html.erb (Duration: 1.4ms | Allocations: 1109)
  Rendered asistencia/new.html.erb within layouts/application (Duration: 1.9ms | Allocations: 1201)
[Webpacker] Everything's up-to-date. Nothing to do
Completed 200 OK in 35ms (Views: 34.2ms | ActiveRecord: 0.0ms | Allocations: 5545)


Started POST "/asistencia" for ::1 at 2020-03-11 17:10:18 -0500
Processing by AsistenciaController#create as HTML
  Parameters: {"authenticity_token"=>"S2XG7sH793jFX0P8fxl9u8zdtA99mR92TsQGFKvN77mpj933RqXrFlsiTdQGOzwKrxA6QsFpVebz/aAv3cygtg==", "asistencium"=>{"nombre"=>"Cristian ", "cedula"=>"1007242251", "comentario"=>"Boleta VIP", "asistencia"=>"0"}, "commit"=>"Create Asistencium"}
  [1m[35m (0.1ms)[0m  [1m[36mbegin transaction[0m
  ↳ app/controllers/asistencia_controller.rb:30:in `block in create'
  [1m[36mAsistencium Create (3.8ms)[0m  [1m[32mINSERT INTO "asistencia" ("nombre", "cedula", "comentario", "asistencia", "created_at", "updated_at") VALUES (?, ?, ?, ?, ?, ?)[0m  [["nombre", "Cristian "], ["cedula", 1007242251.0], ["comentario", "Boleta VIP"], ["asistencia", 0], ["created_at", "2020-03-11 22:10:18.398439"], ["updated_at", "2020-03-11 22:10:18.398439"]]
  ↳ app/controllers/asistencia_controller.rb:30:in `block in create'
  [1m[35m (96.4ms)[0m  [1m[36mcommit transaction[0m
  ↳ app/controllers/asistencia_controller.rb:30:in `block in create'
Redirected to http://localhost:3000/asistencia/4
Completed 302 Found in 119ms (ActiveRecord: 100.3ms | Allocations: 2660)


Started GET "/asistencia/4" for ::1 at 2020-03-11 17:10:18 -0500
Processing by AsistenciaController#show as HTML
  Parameters: {"id"=>"4"}
  [1m[36mAsistencium Load (0.5ms)[0m  [1m[34mSELECT "asistencia".* FROM "asistencia" WHERE "asistencia"."id" = ? LIMIT ?[0m  [["id", 4], ["LIMIT", 1]]
  ↳ app/controllers/asistencia_controller.rb:67:in `set_asistencium'
  Rendering asistencia/show.html.erb within layouts/application
  Rendered asistencia/show.html.erb within layouts/application (Duration: 0.3ms | Allocations: 90)
[Webpacker] Everything's up-to-date. Nothing to do
Completed 200 OK in 51ms (Views: 45.5ms | ActiveRecord: 0.5ms | Allocations: 4961)


Started GET "/asistencia" for ::1 at 2020-03-11 17:10:20 -0500
Processing by AsistenciaController#index as HTML
  Rendering asistencia/index.html.erb within layouts/application
  [1m[36mAsistencium Load (0.5ms)[0m  [1m[34mSELECT "asistencia".* FROM "asistencia"[0m
  ↳ app/views/asistencia/index.html.erb:17
  Rendered asistencia/index.html.erb within layouts/application (Duration: 4.9ms | Allocations: 1019)
[Webpacker] Everything's up-to-date. Nothing to do
Completed 200 OK in 65ms (Views: 62.3ms | ActiveRecord: 0.5ms | Allocations: 5354)


Started GET "/asistencia/2/edit" for ::1 at 2020-03-11 18:24:49 -0500
  [1m[35m (0.1ms)[0m  [1m[34mSELECT sqlite_version(*)[0m
Processing by AsistenciaController#edit as HTML
  Parameters: {"id"=>"2"}
  [1m[36mAsistencium Load (0.3ms)[0m  [1m[34mSELECT "asistencia".* FROM "asistencia" WHERE "asistencia"."id" = ? LIMIT ?[0m  [["id", 2], ["LIMIT", 1]]
  ↳ app/controllers/asistencia_controller.rb:67:in `set_asistencium'
  Rendering asistencia/edit.html.erb within layouts/application
  Rendered asistencia/_form.html.erb (Duration: 1.6ms | Allocations: 1159)
  Rendered asistencia/edit.html.erb within layouts/application (Duration: 2.1ms | Allocations: 1281)
[Webpacker] Everything's up-to-date. Nothing to do
Completed 200 OK in 36ms (Views: 34.2ms | ActiveRecord: 0.3ms | Allocations: 6147)


Started PATCH "/asistencia/2" for ::1 at 2020-03-11 18:24:55 -0500
Processing by AsistenciaController#update as HTML
  Parameters: {"authenticity_token"=>"A/5wXsRd1xSR9cHa9Rb5AR0nobS18DV8xTZuqesN8fZJaANfgGijmKHlyr88lVc0Yhko57siXmYnXv8D7b3yvw==", "asistencium"=>{"nombre"=>"Roy", "cedula"=>"213521561.0", "comentario"=>"Boleta general", "asistencia"=>"1"}, "commit"=>"Update Asistencium", "id"=>"2"}
  [1m[36mAsistencium Load (0.2ms)[0m  [1m[34mSELECT "asistencia".* FROM "asistencia" WHERE "asistencia"."id" = ? LIMIT ?[0m  [["id", 2], ["LIMIT", 1]]
  ↳ app/controllers/asistencia_controller.rb:67:in `set_asistencium'
  [1m[35m (0.0ms)[0m  [1m[36mbegin transaction[0m
  ↳ app/controllers/asistencia_controller.rb:44:in `block in update'
  [1m[36mAsistencium Update (5.7ms)[0m  [1m[33mUPDATE "asistencia" SET "nombre" = ?, "updated_at" = ? WHERE "asistencia"."id" = ?[0m  [["nombre", "Roy"], ["updated_at", "2020-03-11 23:24:55.227967"], ["id", 2]]
  ↳ app/controllers/asistencia_controller.rb:44:in `block in update'
  [1m[35m (96.2ms)[0m  [1m[36mcommit transaction[0m
  ↳ app/controllers/asistencia_controller.rb:44:in `block in update'
Redirected to http://localhost:3000/asistencia/2
Completed 302 Found in 110ms (ActiveRecord: 102.1ms | Allocations: 3279)


Started GET "/asistencia/2" for ::1 at 2020-03-11 18:24:55 -0500
Processing by AsistenciaController#show as HTML
  Parameters: {"id"=>"2"}
  [1m[36mAsistencium Load (0.2ms)[0m  [1m[34mSELECT "asistencia".* FROM "asistencia" WHERE "asistencia"."id" = ? LIMIT ?[0m  [["id", 2], ["LIMIT", 1]]
  ↳ app/controllers/asistencia_controller.rb:67:in `set_asistencium'
  Rendering asistencia/show.html.erb within layouts/application
  Rendered asistencia/show.html.erb within layouts/application (Duration: 0.2ms | Allocations: 90)
[Webpacker] Everything's up-to-date. Nothing to do
Completed 200 OK in 34ms (Views: 31.9ms | ActiveRecord: 0.2ms | Allocations: 4956)


Started GET "/asistencia" for ::1 at 2020-03-11 18:24:58 -0500
Processing by AsistenciaController#index as HTML
  Rendering asistencia/index.html.erb within layouts/application
  [1m[36mAsistencium Load (0.2ms)[0m  [1m[34mSELECT "asistencia".* FROM "asistencia"[0m
  ↳ app/views/asistencia/index.html.erb:17
  Rendered asistencia/index.html.erb within layouts/application (Duration: 2.0ms | Allocations: 1039)
[Webpacker] Everything's up-to-date. Nothing to do
Completed 200 OK in 36ms (Views: 35.3ms | ActiveRecord: 0.2ms | Allocations: 5372)


Started GET "/asistencia/2" for ::1 at 2020-03-11 18:25:08 -0500
Processing by AsistenciaController#show as HTML
  Parameters: {"id"=>"2"}
  [1m[36mAsistencium Load (0.2ms)[0m  [1m[34mSELECT "asistencia".* FROM "asistencia" WHERE "asistencia"."id" = ? LIMIT ?[0m  [["id", 2], ["LIMIT", 1]]
  ↳ app/controllers/asistencia_controller.rb:67:in `set_asistencium'
  Rendering asistencia/show.html.erb within layouts/application
  Rendered asistencia/show.html.erb within layouts/application (Duration: 0.2ms | Allocations: 88)
[Webpacker] Everything's up-to-date. Nothing to do
Completed 200 OK in 35ms (Views: 32.9ms | ActiveRecord: 0.2ms | Allocations: 4939)


Started GET "/asistencia" for ::1 at 2020-03-11 18:25:13 -0500
Processing by AsistenciaController#index as HTML
  Rendering asistencia/index.html.erb within layouts/application
  [1m[36mAsistencium Load (0.2ms)[0m  [1m[34mSELECT "asistencia".* FROM "asistencia"[0m
  ↳ app/views/asistencia/index.html.erb:17
  Rendered asistencia/index.html.erb within layouts/application (Duration: 1.9ms | Allocations: 1019)
[Webpacker] Everything's up-to-date. Nothing to do
Completed 200 OK in 34ms (Views: 33.6ms | ActiveRecord: 0.2ms | Allocations: 5346)


Started GET "/asistencia" for ::1 at 2020-03-12 12:21:24 -0500
  [1m[35m (13.9ms)[0m  [1m[34mSELECT sqlite_version(*)[0m
  [1m[35m (0.6ms)[0m  [1m[34mSELECT "schema_migrations"."version" FROM "schema_migrations" ORDER BY "schema_migrations"."version" ASC[0m
Processing by AsistenciaController#index as HTML
  Rendering asistencia/index.html.erb within layouts/application
  [1m[36mAsistencium Load (0.4ms)[0m  [1m[34mSELECT "asistencia".* FROM "asistencia"[0m
  ↳ app/views/asistencia/index.html.erb:17
  Rendered asistencia/index.html.erb within layouts/application (Duration: 72.0ms | Allocations: 6535)
[Webpacker] Everything's up-to-date. Nothing to do
Completed 200 OK in 478ms (Views: 391.1ms | ActiveRecord: 2.9ms | Allocations: 16572)


Started GET "/asistencia/new" for ::1 at 2020-03-12 12:23:22 -0500
Processing by AsistenciaController#new as HTML
  Rendering asistencia/new.html.erb within layouts/application
  Rendered asistencia/_form.html.erb (Duration: 331.2ms | Allocations: 5576)
  Rendered asistencia/new.html.erb within layouts/application (Duration: 335.6ms | Allocations: 5937)
[Webpacker] Everything's up-to-date. Nothing to do
Completed 200 OK in 419ms (Views: 414.3ms | ActiveRecord: 0.0ms | Allocations: 10443)


Started POST "/asistencia" for ::1 at 2020-03-12 12:23:44 -0500
Processing by AsistenciaController#create as HTML
  Parameters: {"authenticity_token"=>"UbTUPNRYNmsCUxFSrtqe3uL6p/UMgw9SJmolQ6rtXEGzXs8lUwYqBZwuH3rX+N9vgTcpuLBzRcKbU4N43OwTTg==", "asistencium"=>{"nombre"=>"Alejandro", "cedula"=>"1001526912", "comentario"=>"Boleta VIP", "asistencia"=>"1"}, "commit"=>"Create Asistencium"}
  [1m[35m (0.2ms)[0m  [1m[36mbegin transaction[0m
  ↳ app/controllers/asistencia_controller.rb:30:in `block in create'
  [1m[36mAsistencium Create (1.8ms)[0m  [1m[32mINSERT INTO "asistencia" ("nombre", "cedula", "comentario", "asistencia", "created_at", "updated_at") VALUES (?, ?, ?, ?, ?, ?)[0m  [["nombre", "Alejandro"], ["cedula", 1001526912.0], ["comentario", "Boleta VIP"], ["asistencia", 1], ["created_at", "2020-03-12 17:23:44.198303"], ["updated_at", "2020-03-12 17:23:44.198303"]]
  ↳ app/controllers/asistencia_controller.rb:30:in `block in create'
  [1m[35m (103.5ms)[0m  [1m[36mcommit transaction[0m
  ↳ app/controllers/asistencia_controller.rb:30:in `block in create'
Redirected to http://localhost:3000/asistencia/5
Completed 302 Found in 126ms (ActiveRecord: 105.5ms | Allocations: 2923)


Started GET "/asistencia/5" for ::1 at 2020-03-12 12:23:44 -0500
Processing by AsistenciaController#show as HTML
  Parameters: {"id"=>"5"}
  [1m[36mAsistencium Load (1.0ms)[0m  [1m[34mSELECT "asistencia".* FROM "asistencia" WHERE "asistencia"."id" = ? LIMIT ?[0m  [["id", 5], ["LIMIT", 1]]
  ↳ app/controllers/asistencia_controller.rb:67:in `set_asistencium'
  Rendering asistencia/show.html.erb within layouts/application
  Rendered asistencia/show.html.erb within layouts/application (Duration: 3.1ms | Allocations: 308)
[Webpacker] Everything's up-to-date. Nothing to do
Completed 200 OK in 128ms (Views: 79.9ms | ActiveRecord: 1.0ms | Allocations: 5968)


Started GET "/asistencia" for ::1 at 2020-03-12 12:23:47 -0500
Processing by AsistenciaController#index as HTML
  Rendering asistencia/index.html.erb within layouts/application
  [1m[36mAsistencium Load (1.0ms)[0m  [1m[34mSELECT "asistencia".* FROM "asistencia"[0m
  ↳ app/views/asistencia/index.html.erb:17
  Rendered asistencia/index.html.erb within layouts/application (Duration: 9.1ms | Allocations: 1157)
[Webpacker] Everything's up-to-date. Nothing to do
Completed 200 OK in 78ms (Views: 75.0ms | ActiveRecord: 1.0ms | Allocations: 5487)


Started GET "/" for ::1 at 2020-03-13 08:08:32 -0500
  [1m[35m (27.7ms)[0m  [1m[34mSELECT sqlite_version(*)[0m
  [1m[35m (0.5ms)[0m  [1m[34mSELECT "schema_migrations"."version" FROM "schema_migrations" ORDER BY "schema_migrations"."version" ASC[0m
Processing by Rails::WelcomeController#index as HTML
  Rendering C:/Ruby26-x64/lib/ruby/gems/2.6.0/gems/railties-6.0.2.1/lib/rails/templates/rails/welcome/index.html.erb
  Rendered C:/Ruby26-x64/lib/ruby/gems/2.6.0/gems/railties-6.0.2.1/lib/rails/templates/rails/welcome/index.html.erb (Duration: 83.7ms | Allocations: 416)
Completed 200 OK in 193ms (Views: 142.2ms | ActiveRecord: 0.0ms | Allocations: 2334)


Started GET "/asistencia" for ::1 at 2020-03-13 08:08:42 -0500
Processing by AsistenciaController#index as HTML
  Rendering asistencia/index.html.erb within layouts/application
  [1m[36mAsistencium Load (0.5ms)[0m  [1m[34mSELECT "asistencia".* FROM "asistencia"[0m
  ↳ app/views/asistencia/index.html.erb:17
  Rendered asistencia/index.html.erb within layouts/application (Duration: 35.5ms | Allocations: 6482)
[Webpacker] Everything's up-to-date. Nothing to do
Completed 200 OK in 417ms (Views: 406.9ms | ActiveRecord: 2.6ms | Allocations: 15184)


Started GET "/asistencia/new" for ::1 at 2020-03-13 08:09:09 -0500
Processing by AsistenciaController#new as HTML
  Rendering asistencia/new.html.erb within layouts/application
  Rendered asistencia/_form.html.erb (Duration: 324.8ms | Allocations: 5575)
  Rendered asistencia/new.html.erb within layouts/application (Duration: 329.4ms | Allocations: 5930)
[Webpacker] Everything's up-to-date. Nothing to do
Completed 200 OK in 406ms (Views: 402.0ms | ActiveRecord: 0.0ms | Allocations: 10395)


Started POST "/asistencia" for ::1 at 2020-03-13 08:09:28 -0500
Processing by AsistenciaController#create as HTML
  Parameters: {"authenticity_token"=>"s+JJj0/GeUrcuHA0euzmpOatGan/vGWiu1qjWh5vOKBw0aMjSgtg5Lh3dYRzGYy+XTs50nHN7FfYFU9aIRmhgQ==", "asistencium"=>{"nombre"=>"Alejandro Yarce", "cedula"=>"234364675635", "comentario"=>"ola q ase", "asistencia"=>"1"}, "commit"=>"Create Asistencium"}
  [1m[35m (0.2ms)[0m  [1m[36mbegin transaction[0m
  ↳ app/controllers/asistencia_controller.rb:30:in `block in create'
  [1m[36mAsistencium Create (69.5ms)[0m  [1m[32mINSERT INTO "asistencia" ("nombre", "cedula", "comentario", "asistencia", "created_at", "updated_at") VALUES (?, ?, ?, ?, ?, ?)[0m  [["nombre", "Alejandro Yarce"], ["cedula", 234364675635.0], ["comentario", "ola q ase"], ["asistencia", 1], ["created_at", "2020-03-13 13:09:29.068233"], ["updated_at", "2020-03-13 13:09:29.068233"]]
  ↳ app/controllers/asistencia_controller.rb:30:in `block in create'
  [1m[35m (244.2ms)[0m  [1m[36mcommit transaction[0m
  ↳ app/controllers/asistencia_controller.rb:30:in `block in create'
Redirected to http://localhost:3000/asistencia/6
Completed 302 Found in 371ms (ActiveRecord: 314.0ms | Allocations: 2897)


Started GET "/asistencia/6" for ::1 at 2020-03-13 08:09:29 -0500
Processing by AsistenciaController#show as HTML
  Parameters: {"id"=>"6"}
  [1m[36mAsistencium Load (1.0ms)[0m  [1m[34mSELECT "asistencia".* FROM "asistencia" WHERE "asistencia"."id" = ? LIMIT ?[0m  [["id", 6], ["LIMIT", 1]]
  ↳ app/controllers/asistencia_controller.rb:67:in `set_asistencium'
  Rendering asistencia/show.html.erb within layouts/application
  Rendered asistencia/show.html.erb within layouts/application (Duration: 3.1ms | Allocations: 308)
[Webpacker] Everything's up-to-date. Nothing to do
Completed 200 OK in 138ms (Views: 81.6ms | ActiveRecord: 1.0ms | Allocations: 5949)


Started GET "/asistencia" for ::1 at 2020-03-13 08:09:32 -0500
Processing by AsistenciaController#index as HTML
  Rendering asistencia/index.html.erb within layouts/application
  [1m[36mAsistencium Load (0.4ms)[0m  [1m[34mSELECT "asistencia".* FROM "asistencia"[0m
  ↳ app/views/asistencia/index.html.erb:17
  Rendered asistencia/index.html.erb within layouts/application (Duration: 5.6ms | Allocations: 1291)
[Webpacker] Everything's up-to-date. Nothing to do
Completed 200 OK in 53ms (Views: 51.5ms | ActiveRecord: 0.4ms | Allocations: 5586)


Started DELETE "/asistencia/6" for ::1 at 2020-03-13 08:09:44 -0500
Processing by AsistenciaController#destroy as HTML
  Parameters: {"authenticity_token"=>"x6q1p+ohpK3L/1gxiqYqzks7EAqeFJtv3T4n3ufp64muK8HgG1/Y5GpAU5xAlM66DIVwWiGpschsiMg5+V/kzg==", "id"=>"6"}
  [1m[36mAsistencium Load (0.6ms)[0m  [1m[34mSELECT "asistencia".* FROM "asistencia" WHERE "asistencia"."id" = ? LIMIT ?[0m  [["id", 6], ["LIMIT", 1]]
  ↳ app/controllers/asistencia_controller.rb:67:in `set_asistencium'
  [1m[35m (0.1ms)[0m  [1m[36mbegin transaction[0m
  ↳ app/controllers/asistencia_controller.rb:57:in `destroy'
  [1m[36mAsistencium Destroy (43.7ms)[0m  [1m[31mDELETE FROM "asistencia" WHERE "asistencia"."id" = ?[0m  [["id", 6]]
  ↳ app/controllers/asistencia_controller.rb:57:in `destroy'
  [1m[35m (177.8ms)[0m  [1m[36mcommit transaction[0m
  ↳ app/controllers/asistencia_controller.rb:57:in `destroy'
Redirected to http://localhost:3000/asistencia
Completed 302 Found in 248ms (ActiveRecord: 222.2ms | Allocations: 2637)


Started GET "/asistencia" for ::1 at 2020-03-13 08:09:44 -0500
Processing by AsistenciaController#index as HTML
  Rendering asistencia/index.html.erb within layouts/application
  [1m[36mAsistencium Load (0.7ms)[0m  [1m[34mSELECT "asistencia".* FROM "asistencia"[0m
  ↳ app/views/asistencia/index.html.erb:17
  Rendered asistencia/index.html.erb within layouts/application (Duration: 9.6ms | Allocations: 1156)
[Webpacker] Everything's up-to-date. Nothing to do
Completed 200 OK in 83ms (Views: 80.7ms | ActiveRecord: 0.7ms | Allocations: 5471)


Started GET "/asistencia/new" for ::1 at 2020-03-13 09:59:14 -0500
  [1m[35m (0.2ms)[0m  [1m[34mSELECT sqlite_version(*)[0m
Processing by AsistenciaController#new as HTML
  Rendering asistencia/new.html.erb within layouts/application
  Rendered asistencia/_form.html.erb (Duration: 5.6ms | Allocations: 1111)
  Rendered asistencia/new.html.erb within layouts/application (Duration: 6.9ms | Allocations: 1204)
[Webpacker] Everything's up-to-date. Nothing to do
Completed 200 OK in 61ms (Views: 58.2ms | ActiveRecord: 0.0ms | Allocations: 5515)


Started GET "/asistencia" for ::1 at 2020-03-13 09:59:19 -0500
Processing by AsistenciaController#index as HTML
  Rendering asistencia/index.html.erb within layouts/application
  [1m[36mAsistencium Load (0.8ms)[0m  [1m[34mSELECT "asistencia".* FROM "asistencia"[0m
  ↳ app/views/asistencia/index.html.erb:17
  Rendered asistencia/index.html.erb within layouts/application (Duration: 5.8ms | Allocations: 1176)
[Webpacker] Everything's up-to-date. Nothing to do
Completed 200 OK in 63ms (Views: 61.3ms | ActiveRecord: 0.8ms | Allocations: 5468)


Started GET "/asistencia/new" for ::1 at 2020-03-13 09:59:28 -0500
Processing by AsistenciaController#new as HTML
  Rendering asistencia/new.html.erb within layouts/application
  Rendered asistencia/_form.html.erb (Duration: 3.4ms | Allocations: 1109)
  Rendered asistencia/new.html.erb within layouts/application (Duration: 4.3ms | Allocations: 1201)
[Webpacker] Everything's up-to-date. Nothing to do
Completed 200 OK in 54ms (Views: 52.5ms | ActiveRecord: 0.0ms | Allocations: 5507)


Started GET "/" for ::1 at 2020-03-14 10:48:18 -0500
  [1m[35m (9.3ms)[0m  [1m[34mSELECT sqlite_version(*)[0m
  [1m[35m (0.3ms)[0m  [1m[34mSELECT "schema_migrations"."version" FROM "schema_migrations" ORDER BY "schema_migrations"."version" ASC[0m
Processing by Rails::WelcomeController#index as HTML
  Rendering D:/Ruby26-x64/lib/ruby/gems/2.6.0/gems/railties-6.0.2.1/lib/rails/templates/rails/welcome/index.html.erb
  Rendered D:/Ruby26-x64/lib/ruby/gems/2.6.0/gems/railties-6.0.2.1/lib/rails/templates/rails/welcome/index.html.erb (Duration: 54.6ms | Allocations: 416)
Completed 200 OK in 157ms (Views: 109.0ms | ActiveRecord: 0.0ms | Allocations: 2333)


Started GET "/asistencia" for ::1 at 2020-03-14 10:49:35 -0500
Processing by AsistenciaController#index as HTML
  Rendering asistencia/index.html.erb within layouts/application
  [1m[36mAsistencium Load (0.3ms)[0m  [1m[34mSELECT "asistencia".* FROM "asistencia"[0m
  ↳ app/views/asistencia/index.html.erb:17
  Rendered asistencia/index.html.erb within layouts/application (Duration: 44.4ms | Allocations: 6452)
[Webpacker] Everything's up-to-date. Nothing to do
Completed 200 OK in 651ms (Views: 619.5ms | ActiveRecord: 17.4ms | Allocations: 30847)


Started GET "/asistencia/new" for ::1 at 2020-03-14 10:49:53 -0500
Processing by AsistenciaController#new as HTML
  Rendering asistencia/new.html.erb within layouts/application
  Rendered asistencia/_form.html.erb (Duration: 141.1ms | Allocations: 5574)
  Rendered asistencia/new.html.erb within layouts/application (Duration: 153.7ms | Allocations: 5929)
[Webpacker] Everything's up-to-date. Nothing to do
Completed 200 OK in 187ms (Views: 184.8ms | ActiveRecord: 0.0ms | Allocations: 10476)


Started POST "/asistencia" for ::1 at 2020-03-14 10:50:16 -0500
Processing by AsistenciaController#create as HTML
  Parameters: {"authenticity_token"=>"8gpTCIRGW3Gcm3AR/HwyrkeJE1eEURO41dKUotb9CfSWBX+ge200q/V7dHrrWdUSPaOvPGWxJ6ThsPoz7xyBAA==", "asistencium"=>{"nombre"=>"Pipe", "cedula"=>"458796523", "comentario"=>"Es su nombre real", "asistencia"=>"1"}, "commit"=>"Create Asistencium"}
  [1m[35m (0.1ms)[0m  [1m[36mbegin transaction[0m
  ↳ app/controllers/asistencia_controller.rb:30:in `block in create'
  [1m[36mAsistencium Create (19.6ms)[0m  [1m[32mINSERT INTO "asistencia" ("nombre", "cedula", "comentario", "asistencia", "created_at", "updated_at") VALUES (?, ?, ?, ?, ?, ?)[0m  [["nombre", "Pipe"], ["cedula", 458796523.0], ["comentario", "Es su nombre real"], ["asistencia", 1], ["created_at", "2020-03-14 15:50:16.850839"], ["updated_at", "2020-03-14 15:50:16.850839"]]
  ↳ app/controllers/asistencia_controller.rb:30:in `block in create'
  [1m[35m (104.3ms)[0m  [1m[36mcommit transaction[0m
  ↳ app/controllers/asistencia_controller.rb:30:in `block in create'
Redirected to http://localhost:3000/asistencia/7
Completed 302 Found in 129ms (ActiveRecord: 123.9ms | Allocations: 2860)


Started GET "/asistencia/7" for ::1 at 2020-03-14 10:50:17 -0500
Processing by AsistenciaController#show as HTML
  Parameters: {"id"=>"7"}
  [1m[36mAsistencium Load (0.3ms)[0m  [1m[34mSELECT "asistencia".* FROM "asistencia" WHERE "asistencia"."id" = ? LIMIT ?[0m  [["id", 7], ["LIMIT", 1]]
  ↳ app/controllers/asistencia_controller.rb:67:in `set_asistencium'
  Rendering asistencia/show.html.erb within layouts/application
  Rendered asistencia/show.html.erb within layouts/application (Duration: 13.1ms | Allocations: 313)
[Webpacker] Everything's up-to-date. Nothing to do
Completed 200 OK in 101ms (Views: 45.4ms | ActiveRecord: 0.3ms | Allocations: 6012)


Started GET "/asistencia" for ::1 at 2020-03-14 10:50:20 -0500
Processing by AsistenciaController#index as HTML
  Rendering asistencia/index.html.erb within layouts/application
  [1m[36mAsistencium Load (0.2ms)[0m  [1m[34mSELECT "asistencia".* FROM "asistencia"[0m
  ↳ app/views/asistencia/index.html.erb:17
  Rendered asistencia/index.html.erb within layouts/application (Duration: 1.8ms | Allocations: 1301)
[Webpacker] Everything's up-to-date. Nothing to do
Completed 200 OK in 34ms (Views: 33.6ms | ActiveRecord: 0.2ms | Allocations: 5694)


